<?xml version="1.0" encoding="UTF-8"?>
<!-- Generated by org.testng.reporters.JUnitReportReporter -->
<testsuite hostname="Abhishek-PC" failures="0" tests="1" name="com.bayer.SampleTestNgTest" time="11.401" errors="0" timestamp="15 Jun 2019 12:43:52 GMT" skipped="0">
  <testcase classname="com.bayer.SampleTestNgTest" name="testHomePageHasAHeader" time="11.401"/>
</testsuite> <!-- com.bayer.SampleTestNgTest -->
