<?xml version="1.0" encoding="UTF-8"?>
<!-- Generated by org.testng.reporters.JUnitReportReporter -->
<testsuite hostname="Abhishek-PC" failures="0" tests="1" name="com.bayer.ReportToExcelTest" time="110.863" errors="0" timestamp="15 Jun 2019 12:43:52 GMT" skipped="0">
  <testcase classname="com.bayer.ReportToExcelTest" name="testHomePageHasAHeader" time="110.863"/>
</testsuite> <!-- com.bayer.ReportToExcelTest -->
